2024-10-21 19:43:25,138 - INFO - User ID: 1 - Received message: 'What can I do here?'
2024-10-21 19:43:30,379 - INFO - User ID: 1 - Tools used: ['Retriever']
2024-10-21 19:43:30,380 - INFO - User ID: 1 - Assistant response: 'At Blu-Baar, you can book additional office space subject to availability, customize your office within certain conditions, and enjoy state-of-the-art conference rooms that accommodate up to 50 people. We offer a reception and postal service, and provide access to common areas like break areas and a roof terrace. Our building is equipped with comprehensive security, fiber optic internet, and smart technologies. Office cleaning and other services are available upon request.'
2024-10-21 19:44:00,190 - INFO - User ID: 1 - Received message: 'What can I do here?'
2024-10-21 19:44:03,236 - INFO - User ID: 1 - Tools used: ['Retriever']
2024-10-21 19:44:03,236 - INFO - User ID: 1 - Assistant response: 'I can assist you with information about Blu-Baar, such as our services, properties, and any inquiries related to our company. I can provide details in both English and German, help you understand our offerings, and support you in taking the next steps, such as arranging a viewing or connecting with our team. If you have specific questions, feel free to ask!'
2024-10-21 19:44:21,045 - INFO - User ID: 1 - Received message: 'Hello! Could you please tell me the size of each individual office unit?'
2024-10-21 19:44:23,811 - INFO - User ID: 1 - Tools used: ['Retriever']
2024-10-21 19:44:23,811 - INFO - User ID: 1 - Assistant response: 'The size of our individual office units varies significantly, ranging from smaller units starting at 100 m² to larger solutions exceeding 1,000 m². This allows for flexibility to accommodate different business needs. If you have specific requirements or need more detailed information, feel free to ask!'
2024-10-21 19:44:35,534 - INFO - User ID: 1 - Received message: 'Thank you! Do you have a unit around 300 m?'
2024-10-21 19:44:38,737 - INFO - User ID: 1 - Tools used: ['Retriever']
2024-10-21 19:44:38,738 - INFO - User ID: 1 - Assistant response: 'Our available office spaces are fully customizable and offer a total area of 8,946 m². We can tailor the spaces to meet your specific needs, including units around 300 m². Please let us know if you would like more information or to discuss your requirements further!'
2024-10-21 20:09:59,396 - INFO - User ID: 1 - Received message: 'Hello! Could you please tell me the size of each individual office unit?'
2024-10-21 20:10:03,187 - INFO - User ID: 1 - Tools used: ['Retriever']
2024-10-21 20:10:03,188 - INFO - User ID: 1 - Assistant response: 'The size of our individual office units varies, ranging from smaller units starting at 100 m² to larger solutions exceeding 1,000 m². Our spaces are fully customizable, allowing companies to create tailor-made room concepts, whether for team rooms, meeting rooms, or creative areas. If you need more specific information or assistance, feel free to ask!'
2024-10-21 20:10:41,384 - INFO - User ID: 2 - Received message: 'Hello! Could you please tell me the size of each individual office unit?'
2024-10-21 20:10:45,265 - INFO - User ID: 2 - Tools used: ['Retriever']
2024-10-21 20:10:45,265 - INFO - User ID: 2 - Assistant response: 'The size of our individual office units varies, ranging from smaller units of about 100 m² to larger solutions exceeding 1,000 m². This allows for flexibility in accommodating different business needs. If you need further information or have specific requirements, feel free to reach out to us!'
2024-10-21 20:10:53,709 - INFO - User ID: 2 - Received message: 'Thank you! Do you have a unit around 300 m?'
2024-10-21 20:10:57,659 - INFO - User ID: 2 - Tools used: ['Retriever']
2024-10-21 20:10:57,660 - INFO - User ID: 2 - Assistant response: 'We offer customizable office spaces with various layouts. The ground floor is 2,247 m², 1st floor is 2,028 m², and 2nd floor is 2,076 m². Our spaces can be tailored to your needs with flexible layouts for team rooms, meeting areas, and more. If you're interested, let us know, and we can discuss your requirements further.'
2024-10-21 20:11:08,084 - INFO - User ID: 2 - Received message: 'Cool, thank you! Do you close at weekends? Can we work during weekends if necessary?'
2024-10-21 20:11:11,402 - INFO - User ID: 2 - Tools used: ['Retriever']
2024-10-21 20:11:11,403 - INFO - User ID: 2 - Assistant response: 'Yes, technical support is available on demand and can be requested through our facility management. All tenants have round-the-clock access to their offices via secure access control, allowing work during weekends if necessary. If you have further questions or need assistance, feel free to ask!'
2024-10-21 20:11:18,197 - INFO - User ID: 2 - Received message: 'Do you have a form where I can leave my contacts?'
2024-10-21 20:11:22,426 - INFO - User ID: 2 - Tools used: ['LeadForm', 'Retriever']
2024-10-21 20:11:22,433 - INFO - User ID: 2 - Lead form triggered by LeadForm tool.
2024-10-21 20:11:22,434 - INFO - User ID: 2 - Assistant response: 'You can leave your contact information through our contact form. For more details about Blu-Baar, feel free to explore our [Brand Development Document](https://storage.googleapis.com/my-chatbot-site/BLU%20BAAR%20Herleitung%20Objektmarke.pdf) and [Market Analysis and Usage Concept](https://storage.googleapis.com/my-chatbot-site/BLU%20BAAR%20Zielmarktanalyse%20u.%20Nutzungskonzept.pdf). These documents provide insights into our brand identity and market strategy. If you have further questions, I'm here to help!'
2024-10-21 20:11:22,434 - INFO - User ID: 2 - Lead form triggered.
2024-10-21 20:14:23,895 - INFO - User ID: 2 - Received message: 'Do you have a picture of the Blu-Baar building?'
2024-10-21 20:14:27,521 - INFO - User ID: 2 - Tools used: ['Retriever']
2024-10-21 20:14:27,522 - INFO - User ID: 2 - Assistant response: 'We have a visual representation of the Blu-Baar building, which highlights its modern blue-glass façade. You can view the image and additional details in our [Blu-Baar Exposé](https://storage.googleapis.com/my-chatbot-site/Blu_Baar_Expose_16zu9-v6.pdf). This document captures the architectural design and innovative structure of Blu-Baar, embodying a blend of modern design and local roots.'
2024-10-21 20:14:27,522 - INFO - User ID: 2 - Lead form triggered.
2024-10-21 20:16:34,997 - INFO - User ID: 2 - Received message: 'What can you do'
2024-10-21 20:16:37,708 - INFO - User ID: 2 - Tools used: ['Retriever']
2024-10-21 20:16:37,708 - INFO - User ID: 2 - Assistant response: 'I can assist you by providing information about Blu-Baar's services, properties, and facilities. I can answer questions related to our office spaces, rental contracts, and additional services we offer. Additionally, I can help with inquiries about our amenities such as conference rooms, reception services, and technical support. If you need further assistance, feel free to ask!'
2024-10-21 20:16:37,709 - INFO - User ID: 2 - Lead form triggered.
